0 info it worked if it ends with ok
1 verbose cli [ '/usr/bin/nodejs', '/usr/bin/npm', 'run', 'build' ]
2 info using npm@3.5.2
3 info using node@v4.2.6
4 verbose run-script [ 'prebuild', 'build', 'postbuild' ]
5 info lifecycle Jalpc@1.1.1~prebuild: Jalpc@1.1.1
6 silly lifecycle Jalpc@1.1.1~prebuild: no script for prebuild, continuing
7 info lifecycle Jalpc@1.1.1~build: Jalpc@1.1.1
8 verbose lifecycle Jalpc@1.1.1~build: unsafe-perm in lifecycle true
9 verbose lifecycle Jalpc@1.1.1~build: PATH: /usr/share/npm/bin/node-gyp-bin:/home/harishmalan/my_blog/harishmalan.github.io/node_modules/.bin:/home/harishmalan/anaconda3/bin:/home/harishmalan/anaconda2/bin:/home/harishmalan/bin:/home/harishmalan/.local/bin:/usr/local/sbin:/usr/local/bin:/usr/sbin:/usr/bin:/sbin:/bin:/usr/games:/usr/local/games:/snap/bin
10 verbose lifecycle Jalpc@1.1.1~build: CWD: /home/harishmalan/my_blog/harishmalan.github.io
11 silly lifecycle Jalpc@1.1.1~build: Args: [ '-c', 'nodejs build/purify-css.js && nodejs build/build.js' ]
12 silly lifecycle Jalpc@1.1.1~build: Returned: code: 1  signal: null
13 info lifecycle Jalpc@1.1.1~build: Failed to exec build script
14 verbose stack Error: Jalpc@1.1.1 build: `nodejs build/purify-css.js && nodejs build/build.js`
14 verbose stack Exit status 1
14 verbose stack     at EventEmitter.<anonymous> (/usr/share/npm/lib/utils/lifecycle.js:232:16)
14 verbose stack     at emitTwo (events.js:87:13)
14 verbose stack     at EventEmitter.emit (events.js:172:7)
14 verbose stack     at ChildProcess.<anonymous> (/usr/share/npm/lib/utils/spawn.js:24:14)
14 verbose stack     at emitTwo (events.js:87:13)
14 verbose stack     at ChildProcess.emit (events.js:172:7)
14 verbose stack     at maybeClose (internal/child_process.js:821:16)
14 verbose stack     at Process.ChildProcess._handle.onexit (internal/child_process.js:211:5)
15 verbose pkgid Jalpc@1.1.1
16 verbose cwd /home/harishmalan/my_blog/harishmalan.github.io/build
17 error Linux 4.8.0-45-generic
18 error argv "/usr/bin/nodejs" "/usr/bin/npm" "run" "build"
19 error node v4.2.6
20 error npm  v3.5.2
21 error code ELIFECYCLE
22 error Jalpc@1.1.1 build: `nodejs build/purify-css.js && nodejs build/build.js`
22 error Exit status 1
23 error Failed at the Jalpc@1.1.1 build script 'nodejs build/purify-css.js && nodejs build/build.js'.
23 error Make sure you have the latest version of node.js and npm installed.
23 error If you do, this is most likely a problem with the Jalpc package,
23 error not with npm itself.
23 error Tell the author that this fails on your system:
23 error     nodejs build/purify-css.js && nodejs build/build.js
23 error You can get information on how to open an issue for this project with:
23 error     npm bugs Jalpc
23 error Or if that isn't available, you can get their info via:
23 error     npm owner ls Jalpc
23 error There is likely additional logging output above.
24 verbose exit [ 1, true ]
